<?xml version="1.0" encoding="UTF-8"?>
<testsuites name="Mocha Tests" time="5.539" tests="6" failures="0">
  <testsuite name="Root Suite" timestamp="2024-08-29T18:03:34" tests="0" file="cypress\e2e\1-getting-started\todo.cy.js" time="0.000" failures="0">
  </testsuite>
  <testsuite name="example to-do app" timestamp="2024-08-29T18:03:34" tests="3" time="0.000" failures="0">
    <testcase name="example to-do app displays two todo items by default" time="0.916" classname="displays two todo items by default">
    </testcase>
    <testcase name="example to-do app can add new todo items" time="0.571" classname="can add new todo items">
    </testcase>
    <testcase name="example to-do app can check off an item as completed" time="0.276" classname="can check off an item as completed">
    </testcase>
  </testsuite>
  <testsuite name="with a checked task" timestamp="2024-08-29T18:03:39" tests="3" time="1.187" failures="0">
    <testcase name="example to-do app with a checked task can filter for uncompleted tasks" time="0.360" classname="can filter for uncompleted tasks">
    </testcase>
    <testcase name="example to-do app with a checked task can filter for completed tasks" time="0.366" classname="can filter for completed tasks">
    </testcase>
    <testcase name="example to-do app with a checked task can delete all completed tasks" time="0.351" classname="can delete all completed tasks">
    </testcase>
  </testsuite>
</testsuites>