<?xml version="1.0" encoding="UTF-8"?>
<testsuites name="Mocha Tests" time="5.201" tests="6" failures="0">
  <testsuite name="Root Suite" timestamp="2024-08-29T18:04:47" tests="0" file="cypress\e2e\1-getting-started\todo.cy.js" time="0.000" failures="0">
  </testsuite>
  <testsuite name="example to-do app" timestamp="2024-08-29T18:04:47" tests="3" time="0.000" failures="0">
    <testcase name="example to-do app displays two todo items by default" time="0.745" classname="displays two todo items by default">
    </testcase>
    <testcase name="example to-do app can add new todo items" time="0.509" classname="can add new todo items">
    </testcase>
    <testcase name="example to-do app can check off an item as completed" time="0.248" classname="can check off an item as completed">
    </testcase>
  </testsuite>
  <testsuite name="with a checked task" timestamp="2024-08-29T18:04:51" tests="3" time="1.166" failures="0">
    <testcase name="example to-do app with a checked task can filter for uncompleted tasks" time="0.358" classname="can filter for uncompleted tasks">
    </testcase>
    <testcase name="example to-do app with a checked task can filter for completed tasks" time="0.339" classname="can filter for completed tasks">
    </testcase>
    <testcase name="example to-do app with a checked task can delete all completed tasks" time="0.344" classname="can delete all completed tasks">
    </testcase>
  </testsuite>
</testsuites>